#0 building with "desktop-linux" instance using docker driver

#1 [internal] load build definition from Dockerfile
#1 transferring dockerfile: 927B done
#1 DONE 0.0s

#2 [internal] load metadata for docker.io/library/python:3.11-slim
#2 ...

#3 [auth] library/python:pull token for registry-1.docker.io
#3 DONE 0.0s

#2 [internal] load metadata for docker.io/library/python:3.11-slim
#2 DONE 0.7s

#4 [internal] load .dockerignore
#4 transferring context: 118B done
#4 DONE 0.0s

#5 [internal] load build context
#5 transferring context: 1.29kB done
#5 DONE 0.0s

#6 [1/6] FROM docker.io/library/python:3.11-slim@sha256:ae52c5bef62a6bdd42cd1e8dffef86b9cd284bde9427da79839de7a4b983e7ca
#6 resolve docker.io/library/python:3.11-slim@sha256:ae52c5bef62a6bdd42cd1e8dffef86b9cd284bde9427da79839de7a4b983e7ca 0.0s done
#6 DONE 0.0s

#7 [4/6] COPY requirements.txt .
#7 CACHED

#8 [2/6] WORKDIR /app
#8 CACHED

#9 [5/6] RUN pip install --no-cache-dir -r requirements.txt
#9 CACHED

#10 [3/6] RUN apt-get update && apt-get install -y --no-install-recommends         build-essential         curl     && rm -rf /var/lib/apt/lists/*
#10 CACHED

#11 [6/6] COPY . .
#11 CACHED

#12 exporting to image
#12 exporting layers done
#12 exporting manifest sha256:aa840e5b048eac64a6890fed9d6b4bbd4f1e5f246a1d79a2edff97c094145c54 done
#12 exporting config sha256:39d65033159a645ccfed8b74e8332bb950fa67b8df2285a669b30ddc9b3167c6 done
#12 exporting attestation manifest sha256:841963b78db71858ab7049c38351be821886aab061b5ddff396d1e254bbcafcc done
#12 exporting manifest list sha256:ff883fe9e9bc858e6efe3e04973aae1aa141dfbe2e6477b8ea406fc60ec91a72 done
#12 naming to docker.io/library/triage-navigator:latest done
#12 unpacking to docker.io/library/triage-navigator:latest done
#12 DONE 0.0s

 [33m1 warning found (use docker --debug to expand):
[0m - JSONArgsRecommended: JSON arguments recommended for CMD to prevent unintended behavior related to OS signals (line 25)
